<?xml version="1.0" encoding="UTF-8"?>
<!-- Generated by org.testng.reporters.JUnitReportReporter -->
<testsuite hostname="LAPTOP-T3704QHV" name="testcases.createaccount" tests="1" failures="0" timestamp="14 Jan 2022 15:43:38 GMT" time="27.789" errors="0">
  <testcase name="createaccount" time="27.789" classname="testcases.createaccount"/>
</testsuite> <!-- testcases.createaccount -->
