<?xml version="1.0" encoding="UTF-8"?>
<!-- Generated by org.testng.reporters.JUnitReportReporter -->
<testsuite hostname="LAPTOP-T3704QHV" name="testcases.login" tests="1" failures="0" timestamp="14 Jan 2022 11:25:38 GMT" time="10.598" errors="0">
  <testcase name="test1" time="10.598" classname="testcases.login"/>
</testsuite> <!-- testcases.login -->
