<?xml version="1.0" encoding="UTF-8"?>
<!-- Generated by org.testng.reporters.JUnitReportReporter -->
<testsuite hostname="LAPTOP-T3704QHV" name="testcases.createaccount" tests="1" failures="0" timestamp="14 Jan 2022 12:32:28 GMT" time="11.623" errors="0">
  <testcase name="createaccount" time="11.623" classname="testcases.createaccount"/>
</testsuite> <!-- testcases.createaccount -->
